<?xml version="1.0" encoding="UTF-8"?>
<testsuite xmlns:xsi="http://www.w3.org/2001/XMLSchema-instance" xsi:noNamespaceSchemaLocation="https://maven.apache.org/surefire/maven-surefire-plugin/xsd/surefire-test-report.xsd" name="TestSuite" time="48.848" tests="4" errors="0" skipped="0" failures="4">
  <properties>
[...]
</properties>
  <testcase name="validatelogin" classname="com.webapp.testcases.ValidateLogin" time="8.921">
    <failure message="no such element: Unable to locate element: {&quot;method&quot;:&quot;css selector&quot;,&quot;selector&quot;:&quot;*[name=&apos;submit&apos;]&quot;}&#10;  (Session info: chrome=103.0.5060.53)&#10;For documentation on this error, please visit: https://www.seleniumhq.org/exceptions/no_such_element.html&#10;Build info: version: &apos;3.141.59&apos;, revision: &apos;e82be7d358&apos;, time: &apos;2018-11-14T08:17:03&apos;&#10;System info: host: &apos;Wovens-MBP&apos;, ip: &apos;fe80:0:0:0:142c:389e:cfee:9a41%en0&apos;, os.name: &apos;Mac OS X&apos;, os.arch: &apos;x86_64&apos;, os.version: &apos;11.6&apos;, java.version: &apos;17.0.1&apos;&#10;Driver info: org.openqa.selenium.chrome.ChromeDriver&#10;Capabilities {acceptInsecureCerts: false, browserName: chrome, browserVersion: 103.0.5060.53, chrome: {chromedriverVersion: 103.0.5060.24 (e47b049c438c..., userDataDir: /var/folders/1h/tx1c3ztj4x1...}, goog:chromeOptions: {debuggerAddress: localhost:57212}, javascriptEnabled: true, networkConnectionEnabled: false, pageLoadStrategy: normal, platform: MAC, platformName: MAC, proxy: Proxy(), setWindowRect: true, strictFileInteractability: false, timeouts: {implicit: 0, pageLoad: 300000, script: 30000}, unhandledPromptBehavior: dismiss and notify, webauthn:extension:credBlob: true, webauthn:extension:largeBlob: true, webauthn:virtualAuthenticators: true}&#10;Session ID: 09bdfd3a9d418669e9c4d81bf21eb058&#10;*** Element info: {Using=name, value=submit}" type="org.openqa.selenium.NoSuchElementException">org.openqa.selenium.NoSuchElementException: 
no such element: Unable to locate element: {"method":"css selector","selector":"*[name='submit']"}
  (Session info: chrome=103.0.5060.53)
For documentation on this error, please visit: https://www.seleniumhq.org/exceptions/no_such_element.html
Build info: version: '3.141.59', revision: 'e82be7d358', time: '2018-11-14T08:17:03'
System info: host: 'Wovens-MBP', ip: 'fe80:0:0:0:142c:389e:cfee:9a41%en0', os.name: 'Mac OS X', os.arch: 'x86_64', os.version: '11.6', java.version: '17.0.1'
Driver info: org.openqa.selenium.chrome.ChromeDriver
Capabilities {acceptInsecureCerts: false, browserName: chrome, browserVersion: 103.0.5060.53, chrome: {chromedriverVersion: 103.0.5060.24 (e47b049c438c..., userDataDir: /var/folders/1h/tx1c3ztj4x1...}, goog:chromeOptions: {debuggerAddress: localhost:57212}, javascriptEnabled: true, networkConnectionEnabled: false, pageLoadStrategy: normal, platform: MAC, platformName: MAC, proxy: Proxy(), setWindowRect: true, strictFileInteractability: false, timeouts: {implicit: 0, pageLoad: 300000, script: 30000}, unhandledPromptBehavior: dismiss and notify, webauthn:extension:credBlob: true, webauthn:extension:largeBlob: true, webauthn:virtualAuthenticators: true}
Session ID: 09bdfd3a9d418669e9c4d81bf21eb058
*** Element info: {Using=name, value=submit}
	at com.webapp.testcases.ValidateLogin.validatelogin(ValidateLogin.java:23)
</failure>
    <system-err><![CDATA[Starting ChromeDriver 103.0.5060.24 (e47b049c438cd0a74dc95a011fceb27db18cb080-refs/branch-heads/5060@{#232}) on port 28489
Only local connections are allowed.
Please see https://chromedriver.chromium.org/security-considerations for suggestions on keeping ChromeDriver safe.
ChromeDriver was started successfully.
Jun 22, 2022 10:07:46 PM org.openqa.selenium.remote.ProtocolHandshake createSession
INFO: Detected dialect: W3C
]]></system-err>
  </testcase>
  <testcase name="validatelogin" classname="com.webapp.testcases.ValidateLogin" time="6.201">
    <failure message="no such element: Unable to locate element: {&quot;method&quot;:&quot;xpath&quot;,&quot;selector&quot;:&quot;//button[@type=&apos;button&apos;]&quot;}&#10;  (Session info: chrome=103.0.5060.53)&#10;For documentation on this error, please visit: https://www.seleniumhq.org/exceptions/no_such_element.html&#10;Build info: version: &apos;3.141.59&apos;, revision: &apos;e82be7d358&apos;, time: &apos;2018-11-14T08:17:03&apos;&#10;System info: host: &apos;Wovens-MBP&apos;, ip: &apos;fe80:0:0:0:142c:389e:cfee:9a41%en0&apos;, os.name: &apos;Mac OS X&apos;, os.arch: &apos;x86_64&apos;, os.version: &apos;11.6&apos;, java.version: &apos;17.0.1&apos;&#10;Driver info: org.openqa.selenium.chrome.ChromeDriver&#10;Capabilities {acceptInsecureCerts: false, browserName: chrome, browserVersion: 103.0.5060.53, chrome: {chromedriverVersion: 103.0.5060.24 (e47b049c438c..., userDataDir: /var/folders/1h/tx1c3ztj4x1...}, goog:chromeOptions: {debuggerAddress: localhost:57212}, javascriptEnabled: true, networkConnectionEnabled: false, pageLoadStrategy: normal, platform: MAC, platformName: MAC, proxy: Proxy(), setWindowRect: true, strictFileInteractability: false, timeouts: {implicit: 0, pageLoad: 300000, script: 30000}, unhandledPromptBehavior: dismiss and notify, webauthn:extension:credBlob: true, webauthn:extension:largeBlob: true, webauthn:virtualAuthenticators: true}&#10;Session ID: 09bdfd3a9d418669e9c4d81bf21eb058&#10;*** Element info: {Using=xpath, value=//button[@type=&apos;button&apos;]}" type="org.openqa.selenium.NoSuchElementException">org.openqa.selenium.NoSuchElementException: 
no such element: Unable to locate element: {"method":"xpath","selector":"//button[@type='button']"}
  (Session info: chrome=103.0.5060.53)
For documentation on this error, please visit: https://www.seleniumhq.org/exceptions/no_such_element.html
Build info: version: '3.141.59', revision: 'e82be7d358', time: '2018-11-14T08:17:03'
System info: host: 'Wovens-MBP', ip: 'fe80:0:0:0:142c:389e:cfee:9a41%en0', os.name: 'Mac OS X', os.arch: 'x86_64', os.version: '11.6', java.version: '17.0.1'
Driver info: org.openqa.selenium.chrome.ChromeDriver
Capabilities {acceptInsecureCerts: false, browserName: chrome, browserVersion: 103.0.5060.53, chrome: {chromedriverVersion: 103.0.5060.24 (e47b049c438c..., userDataDir: /var/folders/1h/tx1c3ztj4x1...}, goog:chromeOptions: {debuggerAddress: localhost:57212}, javascriptEnabled: true, networkConnectionEnabled: false, pageLoadStrategy: normal, platform: MAC, platformName: MAC, proxy: Proxy(), setWindowRect: true, strictFileInteractability: false, timeouts: {implicit: 0, pageLoad: 300000, script: 30000}, unhandledPromptBehavior: dismiss and notify, webauthn:extension:credBlob: true, webauthn:extension:largeBlob: true, webauthn:virtualAuthenticators: true}
Session ID: 09bdfd3a9d418669e9c4d81bf21eb058
*** Element info: {Using=xpath, value=//button[@type='button']}
	at com.webapp.testcases.ValidateLogin.validatelogin(ValidateLogin.java:21)
</failure>
  </testcase>
  <testcase name="validatelogin" classname="com.webapp.testcases.ValidateLogin" time="6.147">
    <failure message="no such element: Unable to locate element: {&quot;method&quot;:&quot;xpath&quot;,&quot;selector&quot;:&quot;//button[@type=&apos;button&apos;]&quot;}&#10;  (Session info: chrome=103.0.5060.53)&#10;For documentation on this error, please visit: https://www.seleniumhq.org/exceptions/no_such_element.html&#10;Build info: version: &apos;3.141.59&apos;, revision: &apos;e82be7d358&apos;, time: &apos;2018-11-14T08:17:03&apos;&#10;System info: host: &apos;Wovens-MBP&apos;, ip: &apos;fe80:0:0:0:142c:389e:cfee:9a41%en0&apos;, os.name: &apos;Mac OS X&apos;, os.arch: &apos;x86_64&apos;, os.version: &apos;11.6&apos;, java.version: &apos;17.0.1&apos;&#10;Driver info: org.openqa.selenium.chrome.ChromeDriver&#10;Capabilities {acceptInsecureCerts: false, browserName: chrome, browserVersion: 103.0.5060.53, chrome: {chromedriverVersion: 103.0.5060.24 (e47b049c438c..., userDataDir: /var/folders/1h/tx1c3ztj4x1...}, goog:chromeOptions: {debuggerAddress: localhost:57212}, javascriptEnabled: true, networkConnectionEnabled: false, pageLoadStrategy: normal, platform: MAC, platformName: MAC, proxy: Proxy(), setWindowRect: true, strictFileInteractability: false, timeouts: {implicit: 0, pageLoad: 300000, script: 30000}, unhandledPromptBehavior: dismiss and notify, webauthn:extension:credBlob: true, webauthn:extension:largeBlob: true, webauthn:virtualAuthenticators: true}&#10;Session ID: 09bdfd3a9d418669e9c4d81bf21eb058&#10;*** Element info: {Using=xpath, value=//button[@type=&apos;button&apos;]}" type="org.openqa.selenium.NoSuchElementException">org.openqa.selenium.NoSuchElementException: 
no such element: Unable to locate element: {"method":"xpath","selector":"//button[@type='button']"}
  (Session info: chrome=103.0.5060.53)
For documentation on this error, please visit: https://www.seleniumhq.org/exceptions/no_such_element.html
Build info: version: '3.141.59', revision: 'e82be7d358', time: '2018-11-14T08:17:03'
System info: host: 'Wovens-MBP', ip: 'fe80:0:0:0:142c:389e:cfee:9a41%en0', os.name: 'Mac OS X', os.arch: 'x86_64', os.version: '11.6', java.version: '17.0.1'
Driver info: org.openqa.selenium.chrome.ChromeDriver
Capabilities {acceptInsecureCerts: false, browserName: chrome, browserVersion: 103.0.5060.53, chrome: {chromedriverVersion: 103.0.5060.24 (e47b049c438c..., userDataDir: /var/folders/1h/tx1c3ztj4x1...}, goog:chromeOptions: {debuggerAddress: localhost:57212}, javascriptEnabled: true, networkConnectionEnabled: false, pageLoadStrategy: normal, platform: MAC, platformName: MAC, proxy: Proxy(), setWindowRect: true, strictFileInteractability: false, timeouts: {implicit: 0, pageLoad: 300000, script: 30000}, unhandledPromptBehavior: dismiss and notify, webauthn:extension:credBlob: true, webauthn:extension:largeBlob: true, webauthn:virtualAuthenticators: true}
Session ID: 09bdfd3a9d418669e9c4d81bf21eb058
*** Element info: {Using=xpath, value=//button[@type='button']}
	at com.webapp.testcases.ValidateLogin.validatelogin(ValidateLogin.java:21)
</failure>
  </testcase>
  <testcase name="validatelogin" classname="com.webapp.testcases.ValidateLogin" time="6.244">
    <failure message="no such element: Unable to locate element: {&quot;method&quot;:&quot;xpath&quot;,&quot;selector&quot;:&quot;//button[@type=&apos;button&apos;]&quot;}&#10;  (Session info: chrome=103.0.5060.53)&#10;For documentation on this error, please visit: https://www.seleniumhq.org/exceptions/no_such_element.html&#10;Build info: version: &apos;3.141.59&apos;, revision: &apos;e82be7d358&apos;, time: &apos;2018-11-14T08:17:03&apos;&#10;System info: host: &apos;Wovens-MBP&apos;, ip: &apos;fe80:0:0:0:142c:389e:cfee:9a41%en0&apos;, os.name: &apos;Mac OS X&apos;, os.arch: &apos;x86_64&apos;, os.version: &apos;11.6&apos;, java.version: &apos;17.0.1&apos;&#10;Driver info: org.openqa.selenium.chrome.ChromeDriver&#10;Capabilities {acceptInsecureCerts: false, browserName: chrome, browserVersion: 103.0.5060.53, chrome: {chromedriverVersion: 103.0.5060.24 (e47b049c438c..., userDataDir: /var/folders/1h/tx1c3ztj4x1...}, goog:chromeOptions: {debuggerAddress: localhost:57212}, javascriptEnabled: true, networkConnectionEnabled: false, pageLoadStrategy: normal, platform: MAC, platformName: MAC, proxy: Proxy(), setWindowRect: true, strictFileInteractability: false, timeouts: {implicit: 0, pageLoad: 300000, script: 30000}, unhandledPromptBehavior: dismiss and notify, webauthn:extension:credBlob: true, webauthn:extension:largeBlob: true, webauthn:virtualAuthenticators: true}&#10;Session ID: 09bdfd3a9d418669e9c4d81bf21eb058&#10;*** Element info: {Using=xpath, value=//button[@type=&apos;button&apos;]}" type="org.openqa.selenium.NoSuchElementException">org.openqa.selenium.NoSuchElementException: 
no such element: Unable to locate element: {"method":"xpath","selector":"//button[@type='button']"}
  (Session info: chrome=103.0.5060.53)
For documentation on this error, please visit: https://www.seleniumhq.org/exceptions/no_such_element.html
Build info: version: '3.141.59', revision: 'e82be7d358', time: '2018-11-14T08:17:03'
System info: host: 'Wovens-MBP', ip: 'fe80:0:0:0:142c:389e:cfee:9a41%en0', os.name: 'Mac OS X', os.arch: 'x86_64', os.version: '11.6', java.version: '17.0.1'
Driver info: org.openqa.selenium.chrome.ChromeDriver
Capabilities {acceptInsecureCerts: false, browserName: chrome, browserVersion: 103.0.5060.53, chrome: {chromedriverVersion: 103.0.5060.24 (e47b049c438c..., userDataDir: /var/folders/1h/tx1c3ztj4x1...}, goog:chromeOptions: {debuggerAddress: localhost:57212}, javascriptEnabled: true, networkConnectionEnabled: false, pageLoadStrategy: normal, platform: MAC, platformName: MAC, proxy: Proxy(), setWindowRect: true, strictFileInteractability: false, timeouts: {implicit: 0, pageLoad: 300000, script: 30000}, unhandledPromptBehavior: dismiss and notify, webauthn:extension:credBlob: true, webauthn:extension:largeBlob: true, webauthn:virtualAuthenticators: true}
Session ID: 09bdfd3a9d418669e9c4d81bf21eb058
*** Element info: {Using=xpath, value=//button[@type='button']}
	at com.webapp.testcases.ValidateLogin.validatelogin(ValidateLogin.java:21)
</failure>
  </testcase>
</testsuite>